This is pdfTeX, Version 3.14159265-2.6-1.40.17 (MiKTeX 2.9) (preloaded format=pdflatex 2016.9.5)  30 SEP 2016 21:32
entering extended mode
**./B1.Portada.tex
(B1.Portada.tex
LaTeX2e <2016/03/31> patch level 3
Babel <3.9r> and hyphenation patterns for 75 language(s) loaded.

! LaTeX Error: Environment titlepage undefined.

See the LaTeX manual or LaTeX Companion for explanation.
Type  H <return>  for immediate help.
 ...                                              
                                                  
l.13 \begin{titlepage}
                      
Your command was ignored.
Type  I <command> <return>  to replace it with another command,
or  <return>  to continue without it.


! LaTeX Error: Missing \begin{document}.

See the LaTeX manual or LaTeX Companion for explanation.
Type  H <return>  for immediate help.
 ...                                              
                                                  
l.14 	\begin{center}
                    
You're in trouble here.  Try typing  <return>  to proceed.
If that doesn't work, type  X <return>  to quit.


Overfull \hbox (20.0pt too wide) in paragraph at lines 14--14
[] 
 []

! Undefined control sequence.
l.15 		\Large
              {\textsc{\textsf{
The control sequence at the end of the top line
of your error message was never \def'ed. If you have
misspelled it (e.g., `\hobx'), type `I' and the correct
spelling (e.g., `I\hbox'). Otherwise just continue,
and I'll forget about whatever was undefined.


LaTeX Font Warning: Font shape `OT1/cmss/m/sc' in size <10> not available
(Font)              Font shape `OT1/cmr/m/sc' tried instead on input line 18.

Missing character: There is no é in font cmcsc10!

Overfull \hbox (15.77208pt too wide) in paragraph at lines 18--18
 \OT1/cmr/m/sc/10 Es- 
 []


Overfull \hbox (28.88875pt too wide) in paragraph at lines 18--18
 \OT1/cmr/m/sc/10 cuela 
 []


Overfull \hbox (17.54985pt too wide) in paragraph at lines 18--18
 \OT1/cmr/m/sc/10 Tc- 
 []


Overfull \hbox (21.1999pt too wide) in paragraph at lines 18--18
 \OT1/cmr/m/sc/10 nica 
 []


Overfull \hbox (16.0221pt too wide) in paragraph at lines 18--18
 \OT1/cmr/m/sc/10 Su- 
 []


Overfull \hbox (14.93323pt too wide) in paragraph at lines 18--18
 \OT1/cmr/m/sc/10 pe- 
 []


Overfull \hbox (21.42213pt too wide) in paragraph at lines 18--18
 \OT1/cmr/m/sc/10 rior 
 []


Overfull \hbox (11.82217pt too wide) in paragraph at lines 18--18
 \OT1/cmr/m/sc/10 de 
 []

Missing character: There is no í in font cmcsc10!
Missing character: There is no ó in font cmcsc10!

Overfull \hbox (49.0664pt too wide) in paragraph at lines 18--18
 []\OT1/cmr/m/sc/10 Ingeniera 
 []


Overfull \hbox (11.82217pt too wide) in paragraph at lines 18--18
 \OT1/cmr/m/sc/10 de 
 []


Overfull \hbox (27.92757pt too wide) in paragraph at lines 18--18
 \OT1/cmr/m/sc/10 Tele- 
 []


Overfull \hbox (16.04434pt too wide) in paragraph at lines 18--18
 \OT1/cmr/m/sc/10 co- 
 []


Overfull \hbox (17.37769pt too wide) in paragraph at lines 18--18
 \OT1/cmr/m/sc/10 mu- 
 []


Overfull \hbox (12.93326pt too wide) in paragraph at lines 18--18
 \OT1/cmr/m/sc/10 ni- 
 []


Overfull \hbox (26.88875pt too wide) in paragraph at lines 18--18
 \OT1/cmr/m/sc/10 cacin 
 []

Missing character: There is no á in font cmcsc10!

Overfull \hbox (61.0275pt too wide) in paragraph at lines 18--19
 []\OT1/cmr/m/sc/10 Universidad 
 []


Overfull \hbox (11.82217pt too wide) in paragraph at lines 18--19
 \OT1/cmr/m/sc/10 de 
 []


Overfull \hbox (33.47755pt too wide) in paragraph at lines 18--19
 \OT1/cmr/m/sc/10 Mlaga 
 []


Overfull \hbox (20.0pt too wide) in paragraph at lines 23--23
[] 
 []

LaTeX Font Info:    External font `cmex10' loaded for size
(Font)              <7> on input line 24.
LaTeX Font Info:    External font `cmex10' loaded for size
(Font)              <5> on input line 24.
! Undefined control sequence.
l.26 			\includegraphics
                        [width=4cm,keepaspectratio]{graphs/EscudoETSIT.pdf} ...
The control sequence at the end of the top line
of your error message was never \def'ed. If you have
misspelled it (e.g., `\hobx'), type `I' and the correct
spelling (e.g., `I\hbox'). Otherwise just continue,
and I'll forget about whatever was undefined.

Missing character: There is no [ in font nullfont!
Missing character: There is no w in font nullfont!
Missing character: There is no i in font nullfont!
Missing character: There is no d in font nullfont!
Missing character: There is no t in font nullfont!
Missing character: There is no h in font nullfont!
Missing character: There is no = in font nullfont!
Missing character: There is no 4 in font nullfont!
Missing character: There is no c in font nullfont!
Missing character: There is no m in font nullfont!
Missing character: There is no , in font nullfont!
Missing character: There is no k in font nullfont!
Missing character: There is no e in font nullfont!
Missing character: There is no e in font nullfont!
Missing character: There is no p in font nullfont!
Missing character: There is no a in font nullfont!
Missing character: There is no s in font nullfont!
Missing character: There is no p in font nullfont!
Missing character: There is no e in font nullfont!
Missing character: There is no c in font nullfont!
Missing character: There is no t in font nullfont!
Missing character: There is no r in font nullfont!
Missing character: There is no a in font nullfont!
Missing character: There is no t in font nullfont!
Missing character: There is no i in font nullfont!
Missing character: There is no o in font nullfont!
Missing character: There is no ] in font nullfont!
Missing character: There is no g in font nullfont!
Missing character: There is no r in font nullfont!
Missing character: There is no a in font nullfont!
Missing character: There is no p in font nullfont!
Missing character: There is no h in font nullfont!
Missing character: There is no s in font nullfont!
Missing character: There is no / in font nullfont!
Missing character: There is no E in font nullfont!
Missing character: There is no s in font nullfont!
Missing character: There is no c in font nullfont!
Missing character: There is no u in font nullfont!
Missing character: There is no d in font nullfont!
Missing character: There is no o in font nullfont!
Missing character: There is no E in font nullfont!
Missing character: There is no T in font nullfont!
Missing character: There is no S in font nullfont!
Missing character: There is no I in font nullfont!
Missing character: There is no T in font nullfont!
Missing character: There is no . in font nullfont!
Missing character: There is no p in font nullfont!
Missing character: There is no d in font nullfont!
Missing character: There is no f in font nullfont!
! Undefined control sequence.
l.27 			\includegraphics
                        [width=4cm,keepaspectratio]{graphs/UnivMalacitana.pdf}
The control sequence at the end of the top line
of your error message was never \def'ed. If you have
misspelled it (e.g., `\hobx'), type `I' and the correct
spelling (e.g., `I\hbox'). Otherwise just continue,
and I'll forget about whatever was undefined.

Missing character: There is no [ in font nullfont!
Missing character: There is no w in font nullfont!
Missing character: There is no i in font nullfont!
Missing character: There is no d in font nullfont!
Missing character: There is no t in font nullfont!
Missing character: There is no h in font nullfont!
Missing character: There is no = in font nullfont!
Missing character: There is no 4 in font nullfont!
Missing character: There is no c in font nullfont!
Missing character: There is no m in font nullfont!
Missing character: There is no , in font nullfont!
Missing character: There is no k in font nullfont!
Missing character: There is no e in font nullfont!
Missing character: There is no e in font nullfont!
Missing character: There is no p in font nullfont!
Missing character: There is no a in font nullfont!
Missing character: There is no s in font nullfont!
Missing character: There is no p in font nullfont!
Missing character: There is no e in font nullfont!
Missing character: There is no c in font nullfont!
Missing character: There is no t in font nullfont!
Missing character: There is no r in font nullfont!
Missing character: There is no a in font nullfont!
Missing character: There is no t in font nullfont!
Missing character: There is no i in font nullfont!
Missing character: There is no o in font nullfont!
Missing character: There is no ] in font nullfont!
Missing character: There is no g in font nullfont!
Missing character: There is no r in font nullfont!
Missing character: There is no a in font nullfont!
Missing character: There is no p in font nullfont!
Missing character: There is no h in font nullfont!
Missing character: There is no s in font nullfont!
Missing character: There is no / in font nullfont!
Missing character: There is no U in font nullfont!
Missing character: There is no n in font nullfont!
Missing character: There is no i in font nullfont!
Missing character: There is no v in font nullfont!
Missing character: There is no M in font nullfont!
Missing character: There is no a in font nullfont!
Missing character: There is no l in font nullfont!
Missing character: There is no a in font nullfont!
Missing character: There is no c in font nullfont!
Missing character: There is no i in font nullfont!
Missing character: There is no t in font nullfont!
Missing character: There is no a in font nullfont!
Missing character: There is no n in font nullfont!
Missing character: There is no a in font nullfont!
Missing character: There is no . in font nullfont!
Missing character: There is no p in font nullfont!
Missing character: There is no d in font nullfont!
Missing character: There is no f in font nullfont!

Overfull \hbox (56.90552pt too wide) in paragraph at lines 24--29
 [] 
 []


Overfull \hbox (20.0pt too wide) in paragraph at lines 33--33
[] 
 []

! Undefined control sequence.
l.33 	\begin{center}\Large
                          \textbf{\textsf{Trabajo de Fin de Grado}}\end{center}
The control sequence at the end of the top line
of your error message was never \def'ed. If you have
misspelled it (e.g., `\hobx'), type `I' and the correct
spelling (e.g., `I\hbox'). Otherwise just continue,
and I'll forget about whatever was undefined.


Overfull \hbox (34.61128pt too wide) in paragraph at lines 33--33
 \OT1/cmss/bx/n/10 Trabajo 
 []


Overfull \hbox (10.72226pt too wide) in paragraph at lines 33--33
 \OT1/cmss/bx/n/10 de 
 []


Overfull \hbox (14.27783pt too wide) in paragraph at lines 33--33
 \OT1/cmss/bx/n/10 Fin 
 []


Overfull \hbox (10.72226pt too wide) in paragraph at lines 33--33
 \OT1/cmss/bx/n/10 de 
 []


Overfull \hbox (27.41681pt too wide) in paragraph at lines 33--33
 \OT1/cmss/bx/n/10 Grado 
 []


Overfull \hbox (20.0pt too wide) in paragraph at lines 37--37
[] 
 []

! Undefined control sequence.
l.38 		\Huge
            
The control sequence at the end of the top line
of your error message was never \def'ed. If you have
misspelled it (e.g., `\hobx'), type `I' and the correct
spelling (e.g., `I\hbox'). Otherwise just continue,
and I'll forget about whatever was undefined.

! Undefined control sequence.
l.40 		\pfctitlename
                    
The control sequence at the end of the top line
of your error message was never \def'ed. If you have
misspelled it (e.g., `\hobx'), type `I' and the correct
spelling (e.g., `I\hbox'). Otherwise just continue,
and I'll forget about whatever was undefined.


Overfull \hbox (20.0pt too wide) in paragraph at lines 45--45
[] 
 []

! Undefined control sequence.
l.46 		\Huge
            
The control sequence at the end of the top line
of your error message was never \def'ed. If you have
misspelled it (e.g., `\hobx'), type `I' and the correct
spelling (e.g., `I\hbox'). Otherwise just continue,
and I'll forget about whatever was undefined.

Missing character: There is no í in font cmcsc10!
Missing character: There is no í in font cmcsc10!
Missing character: There is no ó in font cmcsc10!

Overfull \hbox (33.26929pt too wide) in paragraph at lines 48--49
 \OT1/cmr/m/sc/10 Grado 
 []


Overfull \hbox (11.71106pt too wide) in paragraph at lines 48--49
 \OT1/cmr/m/sc/10 en 
 []


Overfull \hbox (13.96655pt too wide) in paragraph at lines 48--49
 \OT1/cmr/m/sc/10 In- 
 []


Overfull \hbox (15.76656pt too wide) in paragraph at lines 48--49
 \OT1/cmr/m/sc/10 ge- 
 []


Overfull \hbox (26.88878pt too wide) in paragraph at lines 48--49
 \OT1/cmr/m/sc/10 niera 
 []


Overfull \hbox (11.82217pt too wide) in paragraph at lines 48--49
 \OT1/cmr/m/sc/10 de 
 []


Overfull \hbox (23.1276pt too wide) in paragraph at lines 48--49
 \OT1/cmr/m/sc/10 Tec- 
 []


Overfull \hbox (36.52206pt too wide) in paragraph at lines 48--49
 \OT1/cmr/m/sc/10 nologa 
 []


Overfull \hbox (11.82217pt too wide) in paragraph at lines 48--49
 \OT1/cmr/m/sc/10 de 
 []


Overfull \hbox (27.92757pt too wide) in paragraph at lines 48--49
 \OT1/cmr/m/sc/10 Tele- 
 []


Overfull \hbox (16.04434pt too wide) in paragraph at lines 48--49
 \OT1/cmr/m/sc/10 co- 
 []


Overfull \hbox (17.37769pt too wide) in paragraph at lines 48--49
 \OT1/cmr/m/sc/10 mu- 
 []


Overfull \hbox (12.93326pt too wide) in paragraph at lines 48--49
 \OT1/cmr/m/sc/10 ni- 
 []


Overfull \hbox (26.88875pt too wide) in paragraph at lines 48--49
 \OT1/cmr/m/sc/10 cacin 
 []

! Undefined control sequence.
l.53 	{\large
              Málaga, \pfcanno \hfill \pfcauthorname}
The control sequence at the end of the top line
of your error message was never \def'ed. If you have
misspelled it (e.g., `\hobx'), type `I' and the correct
spelling (e.g., `I\hbox'). Otherwise just continue,
and I'll forget about whatever was undefined.

Missing character: There is no M in font nullfont!
Missing character: There is no á in font nullfont!
Missing character: There is no l in font nullfont!
Missing character: There is no a in font nullfont!
Missing character: There is no g in font nullfont!
Missing character: There is no a in font nullfont!
Missing character: There is no , in font nullfont!
! Undefined control sequence.
l.53 	{\large Málaga, \pfcanno
                               \hfill \pfcauthorname}
The control sequence at the end of the top line
of your error message was never \def'ed. If you have
misspelled it (e.g., `\hobx'), type `I' and the correct
spelling (e.g., `I\hbox'). Otherwise just continue,
and I'll forget about whatever was undefined.

! Undefined control sequence.
l.53 ...rge Málaga, \pfcanno \hfill \pfcauthorname
                                                  }
The control sequence at the end of the top line
of your error message was never \def'ed. If you have
misspelled it (e.g., `\hobx'), type `I' and the correct
spelling (e.g., `I\hbox'). Otherwise just continue,
and I'll forget about whatever was undefined.


! LaTeX Error: \begin{document} ended by \end{titlepage}.

See the LaTeX manual or LaTeX Companion for explanation.
Type  H <return>  for immediate help.
 ...                                              
                                                  
l.55 \end{titlepage}
                    
Your command was ignored.
Type  I <command> <return>  to replace it with another command,
or  <return>  to continue without it.

)
! Emergency stop.
<*> ./B1.Portada.tex
                    
*** (job aborted, no legal \end found)

 
Here is how much of TeX's memory you used:
 21 strings out of 493334
 274 string characters out of 3136652
 55242 words of memory out of 3000000
 3647 multiletter control sequences out of 15000+200000
 4848 words of font info for 18 fonts, out of 3000000 for 9000
 1141 hyphenation exceptions out of 8191
 19i,6n,13p,110b,170s stack positions out of 5000i,500n,10000p,200000b,50000s
!  ==> Fatal error occurred, no output PDF file produced!
